✓ 配置已加载（OOv3 模式）: config.json
✓ 已连接: https://bnb-testnet.g.alchemy.com/v2/lJ58uH7eYml95RsxmVGLL  Chain ID: 97
  Deployer/DVM:  0x068a1f590819A507e5051edFAba0e6B00846ac97
  User1 (买YES): 0xEf77f95c7D643fDD0D00f0EF58A2A4F248DF7d3B
  User2 (买NO):  0xD5e2f45A6bf3F0a58BD51Bd4f11c6cA667e7D141
  Operator:      0x393AE179dD5F2F49403893A97cE1201B9F6CB641

────────────────────────────────────────────────────────────
  步骤 1: 部署 MockOOv3 / UmaCtfAdapterV3（OOv3 版本）
────────────────────────────────────────────────────────────
✓ MockOOv3:          0xe4554350a8D4b7Df90dB9A04d36C72B0bDCA4eAC
✓ UmaCtfAdapterV3:   0xBea61e1Ae406a6CD3fb5ab7207fC30334bd169d6
✓ operator 权限已存在

────────────────────────────────────────────────────────────
  步骤 2: 铸造测试 USDC（先清零存量，再 deposit 10000）
────────────────────────────────────────────────────────────
  User1 退回存量 9500.00 USDC → deployer
✓ User1 USDC 余额: 10000.00
  User2 退回存量 10600.00 USDC → deployer
✓ User2 USDC 余额: 10000.00

────────────────────────────────────────────────────────────
  步骤 3: 初始化市场（adapterV3.initialize，OOv3 版本）
────────────────────────────────────────────────────────────
  问题原文:     q: Will BNB price exceed $1000 by 2025-12-31? res_data: p1: 0, p2: 1, p3: 0.5
  proposalBond: 100.00 USDC
  liveness:     120 秒
✓ questionId:  0x5b8264e48f32ebc34050b28363dcda0c9282976bfb96249735c52f709a0f6299
✓ conditionId: 0xaf18885b905d322f762a009cfeaf202f1e3ebb0262b4cd0b7d05100825a28651
✓ YES tokenId: 24297993557926379111900535236418996218337280523282710670082910537170721008305
✓ NO  tokenId: 71900608311768250270780638720370858949409481585503813715419477622828558842879
✓ registerToken 完成

────────────────────────────────────────────────────────────
  步骤 4: 拆分 USDC → YES/NO 代币（CTF.splitPosition）
────────────────────────────────────────────────────────────
✓ User1: YES=1000000000  NO=1000000000
✓ User2: YES=1000000000  NO=1000000000

────────────────────────────────────────────────────────────
  步骤 5: 订单撮合（CTFExchange.matchOrders）
────────────────────────────────────────────────────────────
  User1 SELL 1000 NO @ 0.5 USDC，User2 BUY 1000 NO @ 0.5 USDC
✓ matchOrders 成功
  User1: YES=1000000000  NO=0  USDC=9500.00
  User2: YES=1000000000  NO=2000000000  USDC=8500.00

────────────────────────────────────────────────────────────
  初始状态：User1 nonce=2，User2 nonce=2
────────────────────────────────────────────────────────────

────────────────────────────────────────────────────────────
  场景一：构造 orderA/B/C（nonce=2）和 orderD（nonce=3）
────────────────────────────────────────────────────────────
  orderA nonce=2，orderB nonce=2，orderC nonce=2，orderD nonce=3
✓ orderA（nonce=2）撮合成功 → 符合预期（nonce 匹配）
✓ orderD（nonce=3）撮合失败 → 符合预期（nonce 不匹配，revert InvalidNonce）
  此时 orderB/C（nonce=2）仍然有效（同 nonce 下多订单互不影响）

────────────────────────────────────────────────────────────
  场景二：User1 调用 incrementNonce()
────────────────────────────────────────────────────────────
✓ incrementNonce() 完成，User1 nonce: 2 → 3
✓ orderB（nonce=2）撮合失败 → 符合预期（incrementNonce 后旧订单全部失效）
  User2 当前 nonce=2，需要也 incrementNonce 才能让 takerD 有效
✓ User2 incrementNonce() 完成，nonce=3
✓ orderD（nonce=3）撮合成功 → 符合预期（incrementNonce 后新 nonce 订单有效）

────────────────────────────────────────────────────────────
  Nonce 验证完成
────────────────────────────────────────────────────────────

【结论】
  1. 同一 nonce 下可同时存在多个有效订单（A/B/C）
  2. nonce 不匹配的订单无效（D 在 nonce=N 时 revert）
  3. incrementNonce() 使旧 nonce 的所有订单失效（B/C 作废）
  4. incrementNonce() 后新 nonce 订单生效（D 可成交）


