✓ 配置已加载: config.json
✓ 已连接: https://bnb-testnet.g.alchemy.com/v2/lJ58uH7eYml95RsxmVGLL  Chain ID: 97
  Deployer/DVM:  0x068a1f590819A507e5051edFAba0e6B00846ac97
  User1 (买YES): 0xEf77f95c7D643fDD0D00f0EF58A2A4F248DF7d3B
  User2 (买NO):  0xD5e2f45A6bf3F0a58BD51Bd4f11c6cA667e7D141
  Operator:      0x393AE179dD5F2F49403893A97cE1201B9F6CB641

────────────────────────────────────────────────────────────
  步骤 1: 部署 MockOOv2 / MockAddressWhitelist / UmaCtfAdapter
────────────────────────────────────────────────────────────
✓ MockAddressWhitelist: 0xfA99a300439B3De90B4cde04c069528EA432D5c5
✓ MockOOv2:             0xFee15B93ACC4C9f3bbC30e82ce25082911eCFF57
✓ UmaCtfAdapter:        0xe4dF023de5354611B89A5EC15Bafca7B5889A987
✓ operator 权限已存在

────────────────────────────────────────────────────────────
  步骤 2: 铸造测试 USDC
────────────────────────────────────────────────────────────
✓ User1 USDC 余额: 165000.00
✓ User2 USDC 余额: 157200.00

────────────────────────────────────────────────────────────
  步骤 3: 初始化市场（adapter.initialize）
────────────────────────────────────────────────────────────
  问题原文:     q: Will BNB price exceed $1000 by 2025-12-31? res_data: p1: 0, p2: 1, p3: 0.5
  proposalBond: 100000000 USDC
  liveness:     120 秒
✓ questionId:  0x5b8264e48f32ebc34050b28363dcda0c9282976bfb96249735c52f709a0f6299
✓ requestTime: 1774325170
✓ conditionId: 0xe8247626a6f6d2a7d3c1ddfb404b86963d01ca7b706e19cf0237faa83ec96f78
✓ YES tokenId: 77939044587824643974283241170682472796065362589590555865822937020292676234349
✓ NO  tokenId: 92543216882889303383574547678356713220150483862486925132788316802308765061350
✓ registerToken 完成

────────────────────────────────────────────────────────────
  步骤 4: 拆分 USDC → YES/NO 代币（CTF.splitPosition）
────────────────────────────────────────────────────────────
✓ User1: YES=0  NO=1000000000
✓ User2: YES=1000000000  NO=1000000000

────────────────────────────────────────────────────────────
  步骤 5: 订单撮合（CTFExchange.matchOrders）
────────────────────────────────────────────────────────────
  User1 SELL 1000 NO @ 0.5 USDC，User2 BUY 1000 NO @ 0.5 USDC
✓ matchOrders 成功
  User1: YES=1000000000  NO=0  USDC=164500.00
  User2: YES=1000000000  NO=2000000000  USDC=155700.00

────────────────────────────────────────────────────────────
  初始状态：User1 nonce=1，User2 nonce=1
────────────────────────────────────────────────────────────

────────────────────────────────────────────────────────────
  场景一：构造 orderA/B/C（nonce=1）和 orderD（nonce=2）
────────────────────────────────────────────────────────────
  orderA nonce=1，orderB nonce=1，orderC nonce=1，orderD nonce=2
✓ orderA（nonce=1）撮合成功 → 符合预期（nonce 匹配）
✓ orderD（nonce=2）撮合失败 → 符合预期（nonce 不匹配，revert InvalidNonce）
  此时 orderB/C（nonce=1）仍然有效（同 nonce 下多订单互不影响）

────────────────────────────────────────────────────────────
  场景二：User1 调用 incrementNonce()
────────────────────────────────────────────────────────────
✓ incrementNonce() 完成，User1 nonce: 1 → 2
✓ orderB（nonce=1）撮合失败 → 符合预期（incrementNonce 后旧订单全部失效）
  User2 当前 nonce=1，需要也 incrementNonce 才能让 takerD 有效
✓ User2 incrementNonce() 完成，nonce=2
✓ orderD（nonce=2）撮合成功 → 符合预期（incrementNonce 后新 nonce 订单有效）

────────────────────────────────────────────────────────────
  Nonce 验证完成
────────────────────────────────────────────────────────────

【结论】
  1. 同一 nonce 下可同时存在多个有效订单（A/B/C）
  2. nonce 不匹配的订单无效（D 在 nonce=N 时 revert）
  3. incrementNonce() 使旧 nonce 的所有订单失效（B/C 作废）
  4. incrementNonce() 后新 nonce 订单生效（D 可成交）