✓ 配置已加载: config.json
✓ 已连接: https://bnb-testnet.g.alchemy.com/v2/lJ58uH7eYml95RsxmVGLL  Chain ID: 97
  Deployer/DVM:  0x068a1f590819A507e5051edFAba0e6B00846ac97
  User1 (买YES): 0xEf77f95c7D643fDD0D00f0EF58A2A4F248DF7d3B
  User2 (买NO):  0xD5e2f45A6bf3F0a58BD51Bd4f11c6cA667e7D141
  Operator:      0x393AE179dD5F2F49403893A97cE1201B9F6CB641

────────────────────────────────────────────────────────────
  步骤 1: 部署 MockOOv2 / MockAddressWhitelist / UmaCtfAdapter
────────────────────────────────────────────────────────────
✓ MockAddressWhitelist: 0x55a612A091A5a7161021AD5f6eD712AADc7b386a
✓ MockOOv2:             0x9fE1aA290a7328935BEe315175628F7CAe2b6624
✓ UmaCtfAdapter:        0xfD5e9f7E3f6452426B64405E538F79D0152388a8
✓ operator 权限已存在

────────────────────────────────────────────────────────────
  步骤 2: 铸造测试 USDC
────────────────────────────────────────────────────────────
✓ User1 USDC 余额: 136500.00
✓ User2 USDC 余额: 129600.00

────────────────────────────────────────────────────────────
  步骤 3: 初始化市场（adapter.initialize）
────────────────────────────────────────────────────────────
  问题原文:     q: Will BNB price exceed $1000 by 2025-12-31? res_data: p1: 0, p2: 1, p3: 0.5
  proposalBond: 100000000 USDC
  liveness:     120 秒
✓ questionId:  0x5b8264e48f32ebc34050b28363dcda0c9282976bfb96249735c52f709a0f6299
✓ requestTime: 1774316149
✓ conditionId: 0x0b3edc1c1fe747fab2d19d33676fe7e2e6b2fe061002b764746a7fc794544c43
✓ YES tokenId: 8841653278621100182171631449508269478481573866648230697521515377046453270486
✓ NO  tokenId: 44432198366449269126571476964860891986219959640845409140229712607779101925969
✓ registerToken 完成

────────────────────────────────────────────────────────────
  步骤 4: 拆分 USDC → YES/NO 代币（CTF.splitPosition）
────────────────────────────────────────────────────────────
✓ User1: YES=1000000000  NO=1000000000
✓ User2: YES=1000000000  NO=1000000000

────────────────────────────────────────────────────────────
  步骤 5: 订单撮合（CTFExchange.matchOrders）
────────────────────────────────────────────────────────────
  User1 SELL 1000 NO @ 0.5 USDC，User2 BUY 1000 NO @ 0.5 USDC
✓ matchOrders 成功
  User1: YES=1000000000  NO=0  USDC=136000.00
  User2: YES=1000000000  NO=2000000000  USDC=128100.00

────────────────────────────────────────────────────────────
  步骤 6: 提案错误结果（OOv2.proposePrice → YES，但这是错的）
────────────────────────────────────────────────────────────
✓ Proposer（deployer）提案 YES（price=1e18）
  → 质押 bond: 100.00 USDC

────────────────────────────────────────────────────────────
  步骤 7: User2 质疑提案（disputePrice）
────────────────────────────────────────────────────────────
  User2 持有 NO tokens，认为提案 YES 是错误的，发起质疑
✓ User2 质疑成功，质押 bond: 100.00 USDC
  → MockOOv2 调用 adapter.priceDisputed()，市场重置（requestTime 更新）
✓ 新 requestTime: 1774316180（原 requestTime: 1774316149）

────────────────────────────────────────────────────────────
  步骤 8: DVM 裁定（mockDvmSettle, resolution=false → 质疑者胜）
────────────────────────────────────────────────────────────
  DVM 调查后确认：原提案 YES 是错误的，质疑者（User2）胜
✓ DVM 裁定完成（resolution=false）
  User2 DVM 奖励收益: +100.00 USDC（2x bond）
  → OO 状态重置为 Requested，等待新的提案

────────────────────────────────────────────────────────────
  步骤 9: 重新提案正确结果（price=0 → NO 赢）
────────────────────────────────────────────────────────────
  使用新 requestTime: 1774316180
✓ 重新提案 NO（price=0），liveness=120 秒

────────────────────────────────────────────────────────────
  步骤 10: 等待 liveness 结束（无新质疑）
────────────────────────────────────────────────────────────
→ 等待 120 秒... 15s 30s 45s 60s 75s 90s 105s 120s ✓

────────────────────────────────────────────────────────────
  步骤 11: 结算（OO.settle → adapter.resolve → NO 赢）
────────────────────────────────────────────────────────────
✓ OO.settle 完成
✓ adapter.resolve 完成 → reportPayouts([0, 1e18]) → NO 赢！

────────────────────────────────────────────────────────────
  步骤 12: 赎回（CTF.redeemPositions）
────────────────────────────────────────────────────────────
✓ User1 赎回 YES: 136000.00 → 136000.00 USDC（NO 赢，YES 归零）
✓ User2 赎回 NO:  128200.00 → 130200.00 USDC（NO 赢，+2000.00）

────────────────────────────────────────────────────────────
  争议处理流程演示完成！
────────────────────────────────────────────────────────────

【资金流向总结】
  Proposer（deployer）：错误提案，损失 bond 100.00 USDC
  User2（质疑者）    ：DVM bond 奖励 +100.00 USDC + NO 赎回 2000.00 USDC

部署的合约：
  MockOOv2     : 0x9fE1aA290a7328935BEe315175628F7CAe2b6624
  UmaCtfAdapter: 0xfD5e9f7E3f6452426B64405E538F79D0152388a8



